This file contains any messages produced by compilers while
running configure, to aid debugging if configure makes a mistake.

It was created by flac configure 1.3.3, which was
generated by GNU Autoconf 2.69.  Invocation command line was

  $ ./configure 

## --------- ##
## Platform. ##
## --------- ##

hostname = blaines-imac.lan
uname -m = x86_64
uname -r = 18.7.0
uname -s = Darwin
uname -v = Darwin Kernel Version 18.7.0: Sun Dec  1 18:59:03 PST 2019; root:xnu-4903.278.19~1/RELEASE_X86_64

/usr/bin/uname -p = i386
/bin/uname -X     = unknown

/bin/arch              = unknown
/usr/bin/arch -k       = unknown
/usr/convex/getsysinfo = unknown
/usr/bin/hostinfo      = Mach kernel version:
	 Darwin Kernel Version 18.7.0: Sun Dec  1 18:59:03 PST 2019; root:xnu-4903.278.19~1/RELEASE_X86_64
Kernel configured for up to 16 processors.
8 processors are physically available.
16 processors are logically available.
Processor type: x86_64h (Intel x86-64h Haswell)
Processors active: 0 1 2 3 4 5 6 7 8 9 10 11 12 13 14 15
Primary memory available: 16.00 gigabytes
Default processor set: 430 tasks, 2508 threads, 16 processors
Load average: 1.23, Mach factor: 14.76
/bin/machine           = unknown
/usr/bin/oslevel       = unknown
/bin/universe          = unknown

PATH: /usr/local/opt/llvm/bin
PATH: /Users/blainekasten/.nvm/versions/node/v10.17.0/bin
PATH: /Users/blainekasten/.rbenv/shims
PATH: /Users/blainekasten/.cargo/bin
PATH: /Users/blainekasten/.yarn/bin
PATH: /Users/blainekasten/.cargo/bin
PATH: /usr/local/bin
PATH: /usr/bin
PATH: /bin
PATH: /usr/sbin
PATH: /sbin
PATH: /usr/local/opt/llvm/bin
PATH: /Users/blainekasten/.nvm/versions/node/v10.17.0/bin
PATH: /Users/blainekasten/.rbenv/shims
PATH: /Users/blainekasten/.cargo/bin
PATH: /Users/blainekasten/.yarn/bin
PATH: /Users/blainekasten/Library/Android/sdk/emulator
PATH: /Users/blainekasten/Library/Android/sdk/tools
PATH: /Users/blainekasten/Library/Android/sdk/tools/bin
PATH: /Users/blainekasten/Library/Android/sdk/platform-tools
PATH: /Users/blainekasten/.rvm/bin
PATH: /usr/local/bin
PATH: /usr/bin
PATH: /bin
PATH: /usr/sbin
PATH: /sbin
PATH: /Users/blainekasten/Library/Android/sdk/emulator
PATH: /Users/blainekasten/Library/Android/sdk/tools
PATH: /Users/blainekasten/Library/Android/sdk/tools/bin
PATH: /Users/blainekasten/Library/Android/sdk/platform-tools


## ----------- ##
## Core tests. ##
## ----------- ##

configure:2794: checking for a BSD-compatible install
configure:2862: result: /usr/local/bin/ginstall -c
configure:2873: checking whether build environment is sane
configure:2928: result: yes
configure:3079: checking for a thread-safe mkdir -p
configure:3118: result: /usr/local/bin/gmkdir -p
configure:3125: checking for gawk
configure:3155: result: no
configure:3125: checking for mawk
configure:3155: result: no
configure:3125: checking for nawk
configure:3155: result: no
configure:3125: checking for awk
configure:3141: found /usr/bin/awk
configure:3152: result: awk
configure:3163: checking whether make sets $(MAKE)
configure:3185: result: yes
configure:3214: checking whether make supports nested variables
configure:3231: result: yes
configure:3310: checking how to create a pax tar archive
configure:3321: tar --version
bsdtar 2.8.3 - libarchive 2.8.3
configure:3324: $? = 0
configure:3364: tardir=conftest.dir && eval tar --format=posix -chf - "$tardir" >conftest.tar
configure:3367: $? = 0
configure:3371: tar -xf - <conftest.tar
configure:3374: $? = 0
configure:3376: cat conftest.dir/file
GrepMe
configure:3379: $? = 0
configure:3392: result: gnutar
configure:3453: checking whether make supports nested variables
configure:3470: result: yes
configure:3482: checking whether configure should try to set CFLAGS/CXXFLAGS/CPPFLAGS/LDFLAGS
configure:3490: result: yes
configure:3494: checking whether to enable debugging
configure:3556: result: no
configure:3592: checking whether make supports the include directive
configure:3607: make -f confmf.GNU && cat confinc.out
this is the am__doit target
configure:3610: $? = 0
configure:3629: result: yes (GNU style)
configure:3699: checking for gcc
configure:3715: found /usr/bin/gcc
configure:3726: result: gcc
configure:3955: checking for C compiler version
configure:3964: gcc --version >&5
Apple clang version 11.0.0 (clang-1100.0.33.12)
Target: x86_64-apple-darwin18.7.0
Thread model: posix
InstalledDir: /Applications/Xcode.app/Contents/Developer/Toolchains/XcodeDefault.xctoolchain/usr/bin
Configured with: --prefix=/Applications/Xcode.app/Contents/Developer/usr --with-gxx-include-dir=/Library/Developer/CommandLineTools/SDKs/MacOSX.sdk/usr/include/c++/4.2.1
configure:3975: $? = 0
configure:3964: gcc -v >&5
Configured with: --prefix=/Applications/Xcode.app/Contents/Developer/usr --with-gxx-include-dir=/Library/Developer/CommandLineTools/SDKs/MacOSX.sdk/usr/include/c++/4.2.1
Apple clang version 11.0.0 (clang-1100.0.33.12)
Target: x86_64-apple-darwin18.7.0
Thread model: posix
InstalledDir: /Applications/Xcode.app/Contents/Developer/Toolchains/XcodeDefault.xctoolchain/usr/bin
configure:3975: $? = 0
configure:3964: gcc -V >&5
clang: error: unsupported option '-V -Wno-framework-include-private-from-public'
clang: error: no input files
configure:3975: $? = 1
configure:3964: gcc -qversion >&5
clang: error: unknown argument '-qversion', did you mean '--version'?
clang: error: no input files
configure:3975: $? = 1
configure:3995: checking whether the C compiler works
configure:4017: gcc    conftest.c  >&5
configure:4021: $? = 0
configure:4069: result: yes
configure:4072: checking for C compiler default output file name
configure:4074: result: a.out
configure:4080: checking for suffix of executables
configure:4087: gcc -o conftest    conftest.c  >&5
configure:4091: $? = 0
configure:4113: result: 
configure:4135: checking whether we are cross compiling
configure:4143: gcc -o conftest    conftest.c  >&5
configure:4147: $? = 0
configure:4154: ./conftest
configure:4158: $? = 0
configure:4173: result: no
configure:4178: checking for suffix of object files
configure:4200: gcc -c   conftest.c >&5
configure:4204: $? = 0
configure:4225: result: o
configure:4229: checking whether we are using the GNU C compiler
configure:4248: gcc -c   conftest.c >&5
configure:4248: $? = 0
configure:4257: result: yes
configure:4266: checking whether gcc accepts -g
configure:4286: gcc -c -g  conftest.c >&5
configure:4286: $? = 0
configure:4327: result: yes
configure:4344: checking for gcc option to accept ISO C89
configure:4407: gcc  -c   conftest.c >&5
configure:4407: $? = 0
configure:4420: result: none needed
configure:4445: checking whether gcc understands -c and -o together
configure:4467: gcc -c conftest.c -o conftest2.o
configure:4470: $? = 0
configure:4467: gcc -c conftest.c -o conftest2.o
configure:4470: $? = 0
configure:4482: result: yes
configure:4501: checking dependency style of gcc
configure:4612: result: gcc3
configure:4631: checking for gcc option to accept ISO C99
configure:4780: gcc  -c   conftest.c >&5
configure:4780: $? = 0
configure:4793: result: none needed
configure:4901: checking for gcc option to accept ISO Standard C
configure:4912: result: none needed
configure:4925: checking how to run the C preprocessor
configure:4956: gcc -E  conftest.c
configure:4956: $? = 0
configure:4970: gcc -E  conftest.c
conftest.c:12:10: fatal error: 'ac_nonexistent.h' file not found
#include <ac_nonexistent.h>
         ^~~~~~~~~~~~~~~~~~
1 error generated.
configure:4970: $? = 1
configure: failed program was:
| /* confdefs.h */
| #define PACKAGE_NAME "flac"
| #define PACKAGE_TARNAME "flac"
| #define PACKAGE_VERSION "1.3.3"
| #define PACKAGE_STRING "flac 1.3.3"
| #define PACKAGE_BUGREPORT "flac-dev@xiph.org"
| #define PACKAGE_URL "https://www.xiph.org/flac/"
| #define PACKAGE "flac"
| #define VERSION "1.3.3"
| #define NDEBUG /**/
| /* end confdefs.h.  */
| #include <ac_nonexistent.h>
configure:4995: result: gcc -E
configure:5015: gcc -E  conftest.c
configure:5015: $? = 0
configure:5029: gcc -E  conftest.c
conftest.c:12:10: fatal error: 'ac_nonexistent.h' file not found
#include <ac_nonexistent.h>
         ^~~~~~~~~~~~~~~~~~
1 error generated.
configure:5029: $? = 1
configure: failed program was:
| /* confdefs.h */
| #define PACKAGE_NAME "flac"
| #define PACKAGE_TARNAME "flac"
| #define PACKAGE_VERSION "1.3.3"
| #define PACKAGE_STRING "flac 1.3.3"
| #define PACKAGE_BUGREPORT "flac-dev@xiph.org"
| #define PACKAGE_URL "https://www.xiph.org/flac/"
| #define PACKAGE "flac"
| #define VERSION "1.3.3"
| #define NDEBUG /**/
| /* end confdefs.h.  */
| #include <ac_nonexistent.h>
configure:5058: checking for grep that handles long lines and -e
configure:5116: result: /usr/bin/grep
configure:5121: checking for egrep
configure:5183: result: /usr/bin/grep -E
configure:5188: checking for ANSI C header files
configure:5208: gcc -c   conftest.c >&5
configure:5208: $? = 0
configure:5281: gcc -o conftest    conftest.c  >&5
configure:5281: $? = 0
configure:5281: ./conftest
configure:5281: $? = 0
configure:5292: result: yes
configure:5305: checking for sys/types.h
configure:5305: gcc -c   conftest.c >&5
configure:5305: $? = 0
configure:5305: result: yes
configure:5305: checking for sys/stat.h
configure:5305: gcc -c   conftest.c >&5
configure:5305: $? = 0
configure:5305: result: yes
configure:5305: checking for stdlib.h
configure:5305: gcc -c   conftest.c >&5
configure:5305: $? = 0
configure:5305: result: yes
configure:5305: checking for string.h
configure:5305: gcc -c   conftest.c >&5
configure:5305: $? = 0
configure:5305: result: yes
configure:5305: checking for memory.h
configure:5305: gcc -c   conftest.c >&5
configure:5305: $? = 0
configure:5305: result: yes
configure:5305: checking for strings.h
configure:5305: gcc -c   conftest.c >&5
configure:5305: $? = 0
configure:5305: result: yes
configure:5305: checking for inttypes.h
configure:5305: gcc -c   conftest.c >&5
configure:5305: $? = 0
configure:5305: result: yes
configure:5305: checking for stdint.h
configure:5305: gcc -c   conftest.c >&5
configure:5305: $? = 0
configure:5305: result: yes
configure:5305: checking for unistd.h
configure:5305: gcc -c   conftest.c >&5
configure:5305: $? = 0
configure:5305: result: yes
configure:5318: checking minix/config.h usability
configure:5318: gcc -c   conftest.c >&5
conftest.c:55:10: fatal error: 'minix/config.h' file not found
#include <minix/config.h>
         ^~~~~~~~~~~~~~~~
1 error generated.
configure:5318: $? = 1
configure: failed program was:
| /* confdefs.h */
| #define PACKAGE_NAME "flac"
| #define PACKAGE_TARNAME "flac"
| #define PACKAGE_VERSION "1.3.3"
| #define PACKAGE_STRING "flac 1.3.3"
| #define PACKAGE_BUGREPORT "flac-dev@xiph.org"
| #define PACKAGE_URL "https://www.xiph.org/flac/"
| #define PACKAGE "flac"
| #define VERSION "1.3.3"
| #define NDEBUG /**/
| #define STDC_HEADERS 1
| #define HAVE_SYS_TYPES_H 1
| #define HAVE_SYS_STAT_H 1
| #define HAVE_STDLIB_H 1
| #define HAVE_STRING_H 1
| #define HAVE_MEMORY_H 1
| #define HAVE_STRINGS_H 1
| #define HAVE_INTTYPES_H 1
| #define HAVE_STDINT_H 1
| #define HAVE_UNISTD_H 1
| /* end confdefs.h.  */
| #include <stdio.h>
| #ifdef HAVE_SYS_TYPES_H
| # include <sys/types.h>
| #endif
| #ifdef HAVE_SYS_STAT_H
| # include <sys/stat.h>
| #endif
| #ifdef STDC_HEADERS
| # include <stdlib.h>
| # include <stddef.h>
| #else
| # ifdef HAVE_STDLIB_H
| #  include <stdlib.h>
| # endif
| #endif
| #ifdef HAVE_STRING_H
| # if !defined STDC_HEADERS && defined HAVE_MEMORY_H
| #  include <memory.h>
| # endif
| # include <string.h>
| #endif
| #ifdef HAVE_STRINGS_H
| # include <strings.h>
| #endif
| #ifdef HAVE_INTTYPES_H
| # include <inttypes.h>
| #endif
| #ifdef HAVE_STDINT_H
| # include <stdint.h>
| #endif
| #ifdef HAVE_UNISTD_H
| # include <unistd.h>
| #endif
| #include <minix/config.h>
configure:5318: result: no
configure:5318: checking minix/config.h presence
configure:5318: gcc -E  conftest.c
conftest.c:22:10: fatal error: 'minix/config.h' file not found
#include <minix/config.h>
         ^~~~~~~~~~~~~~~~
1 error generated.
configure:5318: $? = 1
configure: failed program was:
| /* confdefs.h */
| #define PACKAGE_NAME "flac"
| #define PACKAGE_TARNAME "flac"
| #define PACKAGE_VERSION "1.3.3"
| #define PACKAGE_STRING "flac 1.3.3"
| #define PACKAGE_BUGREPORT "flac-dev@xiph.org"
| #define PACKAGE_URL "https://www.xiph.org/flac/"
| #define PACKAGE "flac"
| #define VERSION "1.3.3"
| #define NDEBUG /**/
| #define STDC_HEADERS 1
| #define HAVE_SYS_TYPES_H 1
| #define HAVE_SYS_STAT_H 1
| #define HAVE_STDLIB_H 1
| #define HAVE_STRING_H 1
| #define HAVE_MEMORY_H 1
| #define HAVE_STRINGS_H 1
| #define HAVE_INTTYPES_H 1
| #define HAVE_STDINT_H 1
| #define HAVE_UNISTD_H 1
| /* end confdefs.h.  */
| #include <minix/config.h>
configure:5318: result: no
configure:5318: checking for minix/config.h
configure:5318: result: no
configure:5339: checking whether it is safe to define __EXTENSIONS__
configure:5357: gcc -c   conftest.c >&5
configure:5357: $? = 0
configure:5364: result: yes
configure:5427: checking for ar
configure:5443: found /usr/bin/ar
configure:5454: result: ar
configure:5480: checking the archiver (ar) interface
configure:5496: gcc -c   conftest.c >&5
configure:5496: $? = 0
configure:5498: ar cru libconftest.a conftest.o >&5
configure:5501: $? = 0
configure:5529: result: ar
configure:5578: checking build system type
configure:5592: result: x86_64-apple-darwin18.7.0
configure:5612: checking host system type
configure:5625: result: x86_64-apple-darwin18.7.0
configure:5666: checking how to print strings
configure:5693: result: printf
configure:5714: checking for a sed that does not truncate output
configure:5778: result: /usr/local/bin/gsed
configure:5796: checking for fgrep
configure:5858: result: /usr/bin/grep -F
configure:5893: checking for ld used by gcc
configure:5960: result: /Applications/Xcode.app/Contents/Developer/Toolchains/XcodeDefault.xctoolchain/usr/bin/ld
configure:5967: checking if the linker (/Applications/Xcode.app/Contents/Developer/Toolchains/XcodeDefault.xctoolchain/usr/bin/ld) is GNU ld
configure:5982: result: no
configure:5994: checking for BSD- or MS-compatible name lister (nm)
configure:6048: result: /usr/bin/nm -B
configure:6178: checking the name lister (/usr/bin/nm -B) interface
configure:6185: gcc -c   conftest.c >&5
configure:6188: /usr/bin/nm -B "conftest.o"
configure:6191: output
0000000000000000 S _some_variable
configure:6198: result: BSD nm
configure:6201: checking whether ln -s works
configure:6205: result: yes
configure:6213: checking the maximum length of command line arguments
configure:6344: result: 196608
configure:6392: checking how to convert x86_64-apple-darwin18.7.0 file names to x86_64-apple-darwin18.7.0 format
configure:6432: result: func_convert_file_noop
configure:6439: checking how to convert x86_64-apple-darwin18.7.0 file names to toolchain format
configure:6459: result: func_convert_file_noop
configure:6466: checking for /Applications/Xcode.app/Contents/Developer/Toolchains/XcodeDefault.xctoolchain/usr/bin/ld option to reload object files
configure:6473: result: -r
configure:6547: checking for objdump
configure:6563: found /usr/bin/objdump
configure:6574: result: objdump
configure:6603: checking how to recognize dependent libraries
configure:6803: result: pass_all
configure:6888: checking for dlltool
configure:6918: result: no
configure:6945: checking how to associate runtime and link libraries
configure:6972: result: printf %s\n
configure:7096: checking for archiver @FILE support
configure:7113: gcc -c   conftest.c >&5
configure:7113: $? = 0
configure:7116: ar cru libconftest.a @conftest.lst >&5
ar: @conftest.lst: No such file or directory
configure:7119: $? = 1
configure:7139: result: no
configure:7197: checking for strip
configure:7213: found /usr/bin/strip
configure:7224: result: strip
configure:7296: checking for ranlib
configure:7312: found /usr/bin/ranlib
configure:7323: result: ranlib
configure:7425: checking command to parse /usr/bin/nm -B output from gcc object
configure:7578: gcc -c   conftest.c >&5
configure:7581: $? = 0
configure:7585: /usr/bin/nm -B conftest.o | sed -n -e 's/^.*[	 ]\([BCDEGRST][BCDEGRST]*\)[	 ][	 ]*\([_A-Za-z][_A-Za-z0-9]*\)$/\1 \2 \2/p' | sed '/ __gnu_lto/d' > conftest.nm
cannot find nm_test_var in conftest.nm
configure:7578: gcc -c   conftest.c >&5
configure:7581: $? = 0
configure:7585: /usr/bin/nm -B conftest.o | sed -n -e 's/^.*[	 ]\([BCDEGRST][BCDEGRST]*\)[	 ][	 ]*_\([_A-Za-z][_A-Za-z0-9]*\)$/\1 _\2 \2/p' | sed '/ __gnu_lto/d' > conftest.nm
configure:7651: gcc -o conftest    conftest.c conftstm.o >&5
configure:7654: $? = 0
configure:7692: result: ok
configure:7739: checking for sysroot
configure:7769: result: no
configure:7776: checking for a working dd
configure:7814: result: /bin/dd
configure:7818: checking how to truncate binary pipes
configure:7833: result: /bin/dd bs=4096 count=1
configure:8162: checking for mt
configure:8192: result: no
configure:8212: checking if : is a manifest tool
configure:8218: : '-?'
configure:8226: result: no
configure:8282: checking for dsymutil
configure:8298: found /usr/local/opt/llvm/bin/dsymutil
configure:8309: result: dsymutil
configure:8374: checking for nmedit
configure:8390: found /usr/bin/nmedit
configure:8401: result: nmedit
configure:8466: checking for lipo
configure:8482: found /usr/bin/lipo
configure:8493: result: lipo
configure:8558: checking for otool
configure:8574: found /usr/bin/otool
configure:8585: result: otool
configure:8650: checking for otool64
configure:8680: result: no
configure:8725: checking for -single_module linker flag
gcc   -o libconftest.dylib -dynamiclib -Wl,-single_module conftest.c
configure:8758: result: yes
configure:8761: checking for -exported_symbols_list linker flag
configure:8781: gcc -o conftest    -Wl,-exported_symbols_list,conftest.sym conftest.c  >&5
configure:8781: $? = 0
configure:8791: result: yes
configure:8794: checking for -force_load linker flag
gcc  -c -o conftest.o conftest.c
ar cru libconftest.a conftest.o
ranlib libconftest.a
gcc   -o conftest conftest.c -Wl,-force_load,./libconftest.a
configure:8826: result: yes
configure:8900: checking for dlfcn.h
configure:8900: gcc -c   conftest.c >&5
configure:8900: $? = 0
configure:8900: result: yes
configure:9452: checking for objdir
configure:9467: result: .libs
configure:9731: checking if gcc supports -fno-rtti -fno-exceptions
configure:9749: gcc -c   -fno-rtti -fno-exceptions conftest.c >&5
configure:9753: $? = 0
configure:9766: result: yes
configure:10124: checking for gcc option to produce PIC
configure:10131: result: -fno-common -DPIC
configure:10139: checking if gcc PIC flag -fno-common -DPIC works
configure:10157: gcc -c   -fno-common -DPIC -DPIC conftest.c >&5
configure:10161: $? = 0
configure:10174: result: yes
configure:10203: checking if gcc static flag -static works
configure:10231: result: no
configure:10246: checking if gcc supports -c -o file.o
configure:10267: gcc -c   -o out/conftest2.o conftest.c >&5
configure:10271: $? = 0
configure:10293: result: yes
configure:10301: checking if gcc supports -c -o file.o
configure:10348: result: yes
configure:10381: checking whether the gcc linker (/Applications/Xcode.app/Contents/Developer/Toolchains/XcodeDefault.xctoolchain/usr/bin/ld) supports shared libraries
configure:11644: result: yes
configure:11884: checking dynamic linker characteristics
configure:12714: result: darwin18.7.0 dyld
configure:12836: checking how to hardcode library paths into programs
configure:12861: result: immediate
configure:13409: checking whether stripping libraries is possible
configure:13423: result: yes
configure:13449: checking if libtool supports shared libraries
configure:13451: result: yes
configure:13454: checking whether to build shared libraries
configure:13479: result: yes
configure:13482: checking whether to build static libraries
configure:13486: result: no
configure:13532: checking dependency style of gcc
configure:13641: result: gcc3
configure:13714: checking for g++
configure:13730: found /usr/bin/g++
configure:13741: result: g++
configure:13768: checking for C++ compiler version
configure:13777: g++ --version >&5
Apple clang version 11.0.0 (clang-1100.0.33.12)
Target: x86_64-apple-darwin18.7.0
Thread model: posix
InstalledDir: /Applications/Xcode.app/Contents/Developer/Toolchains/XcodeDefault.xctoolchain/usr/bin
Configured with: --prefix=/Applications/Xcode.app/Contents/Developer/usr --with-gxx-include-dir=/Library/Developer/CommandLineTools/SDKs/MacOSX.sdk/usr/include/c++/4.2.1
configure:13788: $? = 0
configure:13777: g++ -v >&5
Configured with: --prefix=/Applications/Xcode.app/Contents/Developer/usr --with-gxx-include-dir=/Library/Developer/CommandLineTools/SDKs/MacOSX.sdk/usr/include/c++/4.2.1
Apple clang version 11.0.0 (clang-1100.0.33.12)
Target: x86_64-apple-darwin18.7.0
Thread model: posix
InstalledDir: /Applications/Xcode.app/Contents/Developer/Toolchains/XcodeDefault.xctoolchain/usr/bin
configure:13788: $? = 0
configure:13777: g++ -V >&5
clang: error: unsupported option '-V -Wno-framework-include-private-from-public'
clang: error: no input files
configure:13788: $? = 1
configure:13777: g++ -qversion >&5
clang: error: unknown argument '-qversion', did you mean '--version'?
clang: error: no input files
configure:13788: $? = 1
configure:13792: checking whether we are using the GNU C++ compiler
configure:13811: g++ -c   conftest.cpp >&5
configure:13811: $? = 0
configure:13820: result: yes
configure:13829: checking whether g++ accepts -g
configure:13849: g++ -c -g  conftest.cpp >&5
configure:13849: $? = 0
configure:13890: result: yes
configure:13915: checking dependency style of g++
configure:14026: result: gcc3
configure:14059: checking how to run the C++ preprocessor
configure:14086: g++ -E  conftest.cpp
configure:14086: $? = 0
configure:14100: g++ -E  conftest.cpp
conftest.cpp:29:10: fatal error: 'ac_nonexistent.h' file not found
#include <ac_nonexistent.h>
         ^~~~~~~~~~~~~~~~~~
1 error generated.
configure:14100: $? = 1
configure: failed program was:
| /* confdefs.h */
| #define PACKAGE_NAME "flac"
| #define PACKAGE_TARNAME "flac"
| #define PACKAGE_VERSION "1.3.3"
| #define PACKAGE_STRING "flac 1.3.3"
| #define PACKAGE_BUGREPORT "flac-dev@xiph.org"
| #define PACKAGE_URL "https://www.xiph.org/flac/"
| #define PACKAGE "flac"
| #define VERSION "1.3.3"
| #define NDEBUG /**/
| #define STDC_HEADERS 1
| #define HAVE_SYS_TYPES_H 1
| #define HAVE_SYS_STAT_H 1
| #define HAVE_STDLIB_H 1
| #define HAVE_STRING_H 1
| #define HAVE_MEMORY_H 1
| #define HAVE_STRINGS_H 1
| #define HAVE_INTTYPES_H 1
| #define HAVE_STDINT_H 1
| #define HAVE_UNISTD_H 1
| #define __EXTENSIONS__ 1
| #define _ALL_SOURCE 1
| #define _GNU_SOURCE 1
| #define _POSIX_PTHREAD_SEMANTICS 1
| #define _TANDEM_SOURCE 1
| #define HAVE_DLFCN_H 1
| #define LT_OBJDIR ".libs/"
| /* end confdefs.h.  */
| #include <ac_nonexistent.h>
configure:14125: result: g++ -E
configure:14145: g++ -E  conftest.cpp
configure:14145: $? = 0
configure:14159: g++ -E  conftest.cpp
conftest.cpp:29:10: fatal error: 'ac_nonexistent.h' file not found
#include <ac_nonexistent.h>
         ^~~~~~~~~~~~~~~~~~
1 error generated.
configure:14159: $? = 1
configure: failed program was:
| /* confdefs.h */
| #define PACKAGE_NAME "flac"
| #define PACKAGE_TARNAME "flac"
| #define PACKAGE_VERSION "1.3.3"
| #define PACKAGE_STRING "flac 1.3.3"
| #define PACKAGE_BUGREPORT "flac-dev@xiph.org"
| #define PACKAGE_URL "https://www.xiph.org/flac/"
| #define PACKAGE "flac"
| #define VERSION "1.3.3"
| #define NDEBUG /**/
| #define STDC_HEADERS 1
| #define HAVE_SYS_TYPES_H 1
| #define HAVE_SYS_STAT_H 1
| #define HAVE_STDLIB_H 1
| #define HAVE_STRING_H 1
| #define HAVE_MEMORY_H 1
| #define HAVE_STRINGS_H 1
| #define HAVE_INTTYPES_H 1
| #define HAVE_STDINT_H 1
| #define HAVE_UNISTD_H 1
| #define __EXTENSIONS__ 1
| #define _ALL_SOURCE 1
| #define _GNU_SOURCE 1
| #define _POSIX_PTHREAD_SEMANTICS 1
| #define _TANDEM_SOURCE 1
| #define HAVE_DLFCN_H 1
| #define LT_OBJDIR ".libs/"
| /* end confdefs.h.  */
| #include <ac_nonexistent.h>
configure:14321: checking for ld used by g++
configure:14388: result: /Applications/Xcode.app/Contents/Developer/Toolchains/XcodeDefault.xctoolchain/usr/bin/ld
configure:14395: checking if the linker (/Applications/Xcode.app/Contents/Developer/Toolchains/XcodeDefault.xctoolchain/usr/bin/ld) is GNU ld
configure:14410: result: no
configure:14465: checking whether the g++ linker (/Applications/Xcode.app/Contents/Developer/Toolchains/XcodeDefault.xctoolchain/usr/bin/ld) supports shared libraries
configure:15538: result: yes
configure:15574: g++ -c   conftest.cpp >&5
configure:15577: $? = 0
configure:16058: checking for g++ option to produce PIC
configure:16065: result: -fno-common -DPIC
configure:16073: checking if g++ PIC flag -fno-common -DPIC works
configure:16091: g++ -c   -fno-common -DPIC -DPIC conftest.cpp >&5
configure:16095: $? = 0
configure:16108: result: yes
configure:16131: checking if g++ static flag -static works
configure:16159: result: no
configure:16171: checking if g++ supports -c -o file.o
configure:16192: g++ -c   -o out/conftest2.o conftest.cpp >&5
configure:16196: $? = 0
configure:16218: result: yes
configure:16223: checking if g++ supports -c -o file.o
configure:16270: result: yes
configure:16300: checking whether the g++ linker (/Applications/Xcode.app/Contents/Developer/Toolchains/XcodeDefault.xctoolchain/usr/bin/ld) supports shared libraries
configure:16343: result: yes
configure:16484: checking dynamic linker characteristics
configure:17241: result: darwin18.7.0 dyld
configure:17306: checking how to hardcode library paths into programs
configure:17331: result: immediate
configure:17371: checking whether we are using the CLANG C compiler
configure:17394: gcc -o conftest    conftest.c  >&5
configure:17394: $? = 0
configure:17400: result: yes
configure:17426: gcc -o conftest    conftest.c  >&5
conftest.c:37:5: error: use of undeclared identifier 'This'
                                This is clang!
                                ^
1 error generated.
configure:17426: $? = 1
configure: failed program was:
| /* confdefs.h */
| #define PACKAGE_NAME "flac"
| #define PACKAGE_TARNAME "flac"
| #define PACKAGE_VERSION "1.3.3"
| #define PACKAGE_STRING "flac 1.3.3"
| #define PACKAGE_BUGREPORT "flac-dev@xiph.org"
| #define PACKAGE_URL "https://www.xiph.org/flac/"
| #define PACKAGE "flac"
| #define VERSION "1.3.3"
| #define NDEBUG /**/
| #define STDC_HEADERS 1
| #define HAVE_SYS_TYPES_H 1
| #define HAVE_SYS_STAT_H 1
| #define HAVE_STDLIB_H 1
| #define HAVE_STRING_H 1
| #define HAVE_MEMORY_H 1
| #define HAVE_STRINGS_H 1
| #define HAVE_INTTYPES_H 1
| #define HAVE_STDINT_H 1
| #define HAVE_UNISTD_H 1
| #define __EXTENSIONS__ 1
| #define _ALL_SOURCE 1
| #define _GNU_SOURCE 1
| #define _POSIX_PTHREAD_SEMANTICS 1
| #define _TANDEM_SOURCE 1
| #define HAVE_DLFCN_H 1
| #define LT_OBJDIR ".libs/"
| /* end confdefs.h.  */
| 
| 			#include <stdio.h>
| 
| int
| main ()
| {
| 
| 			#ifdef __clang__
| 				This is clang!
| 			#endif
| 
|   ;
|   return 0;
| }
configure:17436: checking whether make sets $(MAKE)
configure:17458: result: yes
configure:17476: checking for special C compiler options needed for large files
configure:17521: result: no
configure:17527: checking for _FILE_OFFSET_BITS value needed for large files
configure:17552: gcc -c   conftest.c >&5
configure:17552: $? = 0
configure:17584: result: no
configure:17669: checking for _LARGEFILE_SOURCE value needed for large files
configure:17688: gcc -o conftest    conftest.c  >&5
configure:17688: $? = 0
configure:17716: result: no
configure:17742: checking size of off_t
configure:17747: gcc -o conftest    conftest.c  >&5
configure:17747: $? = 0
configure:17747: ./conftest
configure:17747: $? = 0
configure:17761: result: 8
configure:17775: checking size of void*
configure:17780: gcc -o conftest    conftest.c  >&5
configure:17780: $? = 0
configure:17780: ./conftest
configure:17780: $? = 0
configure:17794: result: 8
configure:17804: checking for library containing lround
configure:17835: gcc -o conftest    conftest.c  >&5
conftest.c:39:6: warning: incompatible redeclaration of library function 'lround' [-Wincompatible-library-redeclaration]
char lround ();
     ^
conftest.c:39:6: note: 'lround' is a builtin with type 'long (double)'
1 warning generated.
configure:17835: $? = 0
configure:17852: result: none required
configure:17871: checking for variable-length arrays
configure:17887: g++ -c   conftest.cpp >&5
configure:17887: $? = 0
configure:17894: result: yes
configure:17915: checking for ANSI C header files
configure:18019: result: yes
configure:18028: checking for inline
configure:18044: gcc -c   conftest.c >&5
configure:18044: $? = 0
configure:18052: result: inline
configure:18071: checking for variable-length arrays
configure:18094: result: yes
configure:18103: checking for typeof syntax and keyword spelling
configure:18134: gcc -c   conftest.c >&5
configure:18134: $? = 0
configure:18141: result: typeof
configure:18160: checking for stdint.h
configure:18160: result: yes
configure:18160: checking for inttypes.h
configure:18160: result: yes
configure:18160: checking byteswap.h usability
configure:18160: gcc -c   conftest.c >&5
conftest.c:73:10: fatal error: 'byteswap.h' file not found
#include <byteswap.h>
         ^~~~~~~~~~~~
1 error generated.
configure:18160: $? = 1
configure: failed program was:
| /* confdefs.h */
| #define PACKAGE_NAME "flac"
| #define PACKAGE_TARNAME "flac"
| #define PACKAGE_VERSION "1.3.3"
| #define PACKAGE_STRING "flac 1.3.3"
| #define PACKAGE_BUGREPORT "flac-dev@xiph.org"
| #define PACKAGE_URL "https://www.xiph.org/flac/"
| #define PACKAGE "flac"
| #define VERSION "1.3.3"
| #define NDEBUG /**/
| #define STDC_HEADERS 1
| #define HAVE_SYS_TYPES_H 1
| #define HAVE_SYS_STAT_H 1
| #define HAVE_STDLIB_H 1
| #define HAVE_STRING_H 1
| #define HAVE_MEMORY_H 1
| #define HAVE_STRINGS_H 1
| #define HAVE_INTTYPES_H 1
| #define HAVE_STDINT_H 1
| #define HAVE_UNISTD_H 1
| #define __EXTENSIONS__ 1
| #define _ALL_SOURCE 1
| #define _GNU_SOURCE 1
| #define _POSIX_PTHREAD_SEMANTICS 1
| #define _TANDEM_SOURCE 1
| #define HAVE_DLFCN_H 1
| #define LT_OBJDIR ".libs/"
| #define HAVE_FSEEKO 1
| #define SIZEOF_OFF_T 8
| #define SIZEOF_VOIDP 8
| #define HAVE_LROUND 1
| #define HAVE_C_VARARRAYS 1
| #define HAVE_CXX_VARARRAYS 1
| #define STDC_HEADERS 1
| #define HAVE_C_VARARRAYS 1
| #define HAVE_TYPEOF 1
| #define HAVE_STDINT_H 1
| #define HAVE_INTTYPES_H 1
| /* end confdefs.h.  */
| #include <stdio.h>
| #ifdef HAVE_SYS_TYPES_H
| # include <sys/types.h>
| #endif
| #ifdef HAVE_SYS_STAT_H
| # include <sys/stat.h>
| #endif
| #ifdef STDC_HEADERS
| # include <stdlib.h>
| # include <stddef.h>
| #else
| # ifdef HAVE_STDLIB_H
| #  include <stdlib.h>
| # endif
| #endif
| #ifdef HAVE_STRING_H
| # if !defined STDC_HEADERS && defined HAVE_MEMORY_H
| #  include <memory.h>
| # endif
| # include <string.h>
| #endif
| #ifdef HAVE_STRINGS_H
| # include <strings.h>
| #endif
| #ifdef HAVE_INTTYPES_H
| # include <inttypes.h>
| #endif
| #ifdef HAVE_STDINT_H
| # include <stdint.h>
| #endif
| #ifdef HAVE_UNISTD_H
| # include <unistd.h>
| #endif
| #include <byteswap.h>
configure:18160: result: no
configure:18160: checking byteswap.h presence
configure:18160: gcc -E  conftest.c
conftest.c:40:10: fatal error: 'byteswap.h' file not found
#include <byteswap.h>
         ^~~~~~~~~~~~
1 error generated.
configure:18160: $? = 1
configure: failed program was:
| /* confdefs.h */
| #define PACKAGE_NAME "flac"
| #define PACKAGE_TARNAME "flac"
| #define PACKAGE_VERSION "1.3.3"
| #define PACKAGE_STRING "flac 1.3.3"
| #define PACKAGE_BUGREPORT "flac-dev@xiph.org"
| #define PACKAGE_URL "https://www.xiph.org/flac/"
| #define PACKAGE "flac"
| #define VERSION "1.3.3"
| #define NDEBUG /**/
| #define STDC_HEADERS 1
| #define HAVE_SYS_TYPES_H 1
| #define HAVE_SYS_STAT_H 1
| #define HAVE_STDLIB_H 1
| #define HAVE_STRING_H 1
| #define HAVE_MEMORY_H 1
| #define HAVE_STRINGS_H 1
| #define HAVE_INTTYPES_H 1
| #define HAVE_STDINT_H 1
| #define HAVE_UNISTD_H 1
| #define __EXTENSIONS__ 1
| #define _ALL_SOURCE 1
| #define _GNU_SOURCE 1
| #define _POSIX_PTHREAD_SEMANTICS 1
| #define _TANDEM_SOURCE 1
| #define HAVE_DLFCN_H 1
| #define LT_OBJDIR ".libs/"
| #define HAVE_FSEEKO 1
| #define SIZEOF_OFF_T 8
| #define SIZEOF_VOIDP 8
| #define HAVE_LROUND 1
| #define HAVE_C_VARARRAYS 1
| #define HAVE_CXX_VARARRAYS 1
| #define STDC_HEADERS 1
| #define HAVE_C_VARARRAYS 1
| #define HAVE_TYPEOF 1
| #define HAVE_STDINT_H 1
| #define HAVE_INTTYPES_H 1
| /* end confdefs.h.  */
| #include <byteswap.h>
configure:18160: result: no
configure:18160: checking for byteswap.h
configure:18160: result: no
configure:18160: checking sys/param.h usability
configure:18160: gcc -c   conftest.c >&5
configure:18160: $? = 0
configure:18160: result: yes
configure:18160: checking sys/param.h presence
configure:18160: gcc -E  conftest.c
configure:18160: $? = 0
configure:18160: result: yes
configure:18160: checking for sys/param.h
configure:18160: result: yes
configure:18160: checking sys/ioctl.h usability
configure:18160: gcc -c   conftest.c >&5
configure:18160: $? = 0
configure:18160: result: yes
configure:18160: checking sys/ioctl.h presence
configure:18160: gcc -E  conftest.c
configure:18160: $? = 0
configure:18160: result: yes
configure:18160: checking for sys/ioctl.h
configure:18160: result: yes
configure:18160: checking termios.h usability
configure:18160: gcc -c   conftest.c >&5
configure:18160: $? = 0
configure:18160: result: yes
configure:18160: checking termios.h presence
configure:18160: gcc -E  conftest.c
configure:18160: $? = 0
configure:18160: result: yes
configure:18160: checking for termios.h
configure:18160: result: yes
configure:18160: checking x86intrin.h usability
configure:18160: gcc -c   conftest.c >&5
configure:18160: $? = 0
configure:18160: result: yes
configure:18160: checking x86intrin.h presence
configure:18160: gcc -E  conftest.c
configure:18160: $? = 0
configure:18160: result: yes
configure:18160: checking for x86intrin.h
configure:18160: result: yes
configure:18160: checking cpuid.h usability
configure:18160: gcc -c   conftest.c >&5
configure:18160: $? = 0
configure:18160: result: yes
configure:18160: checking cpuid.h presence
configure:18160: gcc -E  conftest.c
configure:18160: $? = 0
configure:18160: result: yes
configure:18160: checking for cpuid.h
configure:18160: result: yes
configure:18171: checking for bswap32 intrinsic
configure:18191: gcc -o conftest    conftest.c  >&5
configure:18191: $? = 0
configure:18206: result: yes
configure:18209: checking for bswap16 intrinsic
configure:18229: gcc -o conftest    conftest.c  >&5
configure:18229: $? = 0
configure:18244: result: yes
configure:18250: checking whether byte ordering is bigendian
configure:18265: gcc -c   conftest.c >&5
configure:18265: $? = 0
configure:18310: gcc -c   conftest.c >&5
configure:18310: $? = 0
configure:18328: gcc -c   conftest.c >&5
conftest.c:54:4: error: use of undeclared identifier 'not'
                 not big endian
                 ^
1 error generated.
configure:18328: $? = 1
configure: failed program was:
| /* confdefs.h */
| #define PACKAGE_NAME "flac"
| #define PACKAGE_TARNAME "flac"
| #define PACKAGE_VERSION "1.3.3"
| #define PACKAGE_STRING "flac 1.3.3"
| #define PACKAGE_BUGREPORT "flac-dev@xiph.org"
| #define PACKAGE_URL "https://www.xiph.org/flac/"
| #define PACKAGE "flac"
| #define VERSION "1.3.3"
| #define NDEBUG /**/
| #define STDC_HEADERS 1
| #define HAVE_SYS_TYPES_H 1
| #define HAVE_SYS_STAT_H 1
| #define HAVE_STDLIB_H 1
| #define HAVE_STRING_H 1
| #define HAVE_MEMORY_H 1
| #define HAVE_STRINGS_H 1
| #define HAVE_INTTYPES_H 1
| #define HAVE_STDINT_H 1
| #define HAVE_UNISTD_H 1
| #define __EXTENSIONS__ 1
| #define _ALL_SOURCE 1
| #define _GNU_SOURCE 1
| #define _POSIX_PTHREAD_SEMANTICS 1
| #define _TANDEM_SOURCE 1
| #define HAVE_DLFCN_H 1
| #define LT_OBJDIR ".libs/"
| #define HAVE_FSEEKO 1
| #define SIZEOF_OFF_T 8
| #define SIZEOF_VOIDP 8
| #define HAVE_LROUND 1
| #define HAVE_C_VARARRAYS 1
| #define HAVE_CXX_VARARRAYS 1
| #define STDC_HEADERS 1
| #define HAVE_C_VARARRAYS 1
| #define HAVE_TYPEOF 1
| #define HAVE_STDINT_H 1
| #define HAVE_INTTYPES_H 1
| #define HAVE_SYS_PARAM_H 1
| #define HAVE_SYS_IOCTL_H 1
| #define HAVE_TERMIOS_H 1
| #define HAVE_X86INTRIN_H 1
| #define HAVE_CPUID_H 1
| #define HAVE_BSWAP32 1
| #define HAVE_BSWAP16 1
| /* end confdefs.h.  */
| #include <sys/types.h>
| 		#include <sys/param.h>
| 
| int
| main ()
| {
| #if BYTE_ORDER != BIG_ENDIAN
| 		 not big endian
| 		#endif
| 
|   ;
|   return 0;
| }
configure:18456: result: no
configure:18521: checking for socklen_t
configure:18521: gcc -c   conftest.c >&5
conftest.c:86:13: error: use of undeclared identifier 'socklen_t'
if (sizeof (socklen_t))
            ^
1 error generated.
configure:18521: $? = 1
configure: failed program was:
| /* confdefs.h */
| #define PACKAGE_NAME "flac"
| #define PACKAGE_TARNAME "flac"
| #define PACKAGE_VERSION "1.3.3"
| #define PACKAGE_STRING "flac 1.3.3"
| #define PACKAGE_BUGREPORT "flac-dev@xiph.org"
| #define PACKAGE_URL "https://www.xiph.org/flac/"
| #define PACKAGE "flac"
| #define VERSION "1.3.3"
| #define NDEBUG /**/
| #define STDC_HEADERS 1
| #define HAVE_SYS_TYPES_H 1
| #define HAVE_SYS_STAT_H 1
| #define HAVE_STDLIB_H 1
| #define HAVE_STRING_H 1
| #define HAVE_MEMORY_H 1
| #define HAVE_STRINGS_H 1
| #define HAVE_INTTYPES_H 1
| #define HAVE_STDINT_H 1
| #define HAVE_UNISTD_H 1
| #define __EXTENSIONS__ 1
| #define _ALL_SOURCE 1
| #define _GNU_SOURCE 1
| #define _POSIX_PTHREAD_SEMANTICS 1
| #define _TANDEM_SOURCE 1
| #define HAVE_DLFCN_H 1
| #define LT_OBJDIR ".libs/"
| #define HAVE_FSEEKO 1
| #define SIZEOF_OFF_T 8
| #define SIZEOF_VOIDP 8
| #define HAVE_LROUND 1
| #define HAVE_C_VARARRAYS 1
| #define HAVE_CXX_VARARRAYS 1
| #define STDC_HEADERS 1
| #define HAVE_C_VARARRAYS 1
| #define HAVE_TYPEOF 1
| #define HAVE_STDINT_H 1
| #define HAVE_INTTYPES_H 1
| #define HAVE_SYS_PARAM_H 1
| #define HAVE_SYS_IOCTL_H 1
| #define HAVE_TERMIOS_H 1
| #define HAVE_X86INTRIN_H 1
| #define HAVE_CPUID_H 1
| #define HAVE_BSWAP32 1
| #define HAVE_BSWAP16 1
| #define CPU_IS_BIG_ENDIAN 0
| #define CPU_IS_LITTLE_ENDIAN 1
| #define WORDS_BIGENDIAN 0
| /* end confdefs.h.  */
| #include <stdio.h>
| #ifdef HAVE_SYS_TYPES_H
| # include <sys/types.h>
| #endif
| #ifdef HAVE_SYS_STAT_H
| # include <sys/stat.h>
| #endif
| #ifdef STDC_HEADERS
| # include <stdlib.h>
| # include <stddef.h>
| #else
| # ifdef HAVE_STDLIB_H
| #  include <stdlib.h>
| # endif
| #endif
| #ifdef HAVE_STRING_H
| # if !defined STDC_HEADERS && defined HAVE_MEMORY_H
| #  include <memory.h>
| # endif
| # include <string.h>
| #endif
| #ifdef HAVE_STRINGS_H
| # include <strings.h>
| #endif
| #ifdef HAVE_INTTYPES_H
| # include <inttypes.h>
| #endif
| #ifdef HAVE_STDINT_H
| # include <stdint.h>
| #endif
| #ifdef HAVE_UNISTD_H
| # include <unistd.h>
| #endif
| int
| main ()
| {
| if (sizeof (socklen_t))
| 	 return 0;
|   ;
|   return 0;
| }
configure:18521: result: no
configure:18534: checking for getopt_long
configure:18534: gcc -o conftest    conftest.c  >&5
configure:18534: $? = 0
configure:18534: result: yes
configure:18548: checking size of void*
configure:18567: result: 8
configure:19027: checking for doxygen
configure:19057: result: no
configure:19141: checking for xmms-config
configure:19172: result: no
configure:19284: checking for XMMS - version >= 0.9.5.1
configure:19292: result: no
configure:19319: WARNING: *** XMMS >= 0.9.5.1 not installed - XMMS support will not be built
configure:19428: checking for Ogg
configure:19463: gcc -o conftest     conftest.c   -logg >&5
conftest.c:64:10: fatal error: 'ogg/ogg.h' file not found
#include <ogg/ogg.h>
         ^~~~~~~~~~~
1 error generated.
configure:19463: $? = 1
configure: program exited with status 1
configure: failed program was:
| /* confdefs.h */
| #define PACKAGE_NAME "flac"
| #define PACKAGE_TARNAME "flac"
| #define PACKAGE_VERSION "1.3.3"
| #define PACKAGE_STRING "flac 1.3.3"
| #define PACKAGE_BUGREPORT "flac-dev@xiph.org"
| #define PACKAGE_URL "https://www.xiph.org/flac/"
| #define PACKAGE "flac"
| #define VERSION "1.3.3"
| #define NDEBUG /**/
| #define STDC_HEADERS 1
| #define HAVE_SYS_TYPES_H 1
| #define HAVE_SYS_STAT_H 1
| #define HAVE_STDLIB_H 1
| #define HAVE_STRING_H 1
| #define HAVE_MEMORY_H 1
| #define HAVE_STRINGS_H 1
| #define HAVE_INTTYPES_H 1
| #define HAVE_STDINT_H 1
| #define HAVE_UNISTD_H 1
| #define __EXTENSIONS__ 1
| #define _ALL_SOURCE 1
| #define _GNU_SOURCE 1
| #define _POSIX_PTHREAD_SEMANTICS 1
| #define _TANDEM_SOURCE 1
| #define HAVE_DLFCN_H 1
| #define LT_OBJDIR ".libs/"
| #define HAVE_FSEEKO 1
| #define SIZEOF_OFF_T 8
| #define SIZEOF_VOIDP 8
| #define HAVE_LROUND 1
| #define HAVE_C_VARARRAYS 1
| #define HAVE_CXX_VARARRAYS 1
| #define STDC_HEADERS 1
| #define HAVE_C_VARARRAYS 1
| #define HAVE_TYPEOF 1
| #define HAVE_STDINT_H 1
| #define HAVE_INTTYPES_H 1
| #define HAVE_SYS_PARAM_H 1
| #define HAVE_SYS_IOCTL_H 1
| #define HAVE_TERMIOS_H 1
| #define HAVE_X86INTRIN_H 1
| #define HAVE_CPUID_H 1
| #define HAVE_BSWAP32 1
| #define HAVE_BSWAP16 1
| #define CPU_IS_BIG_ENDIAN 0
| #define CPU_IS_LITTLE_ENDIAN 1
| #define WORDS_BIGENDIAN 0
| #define HAVE_GETOPT_LONG 1
| #define SIZEOF_VOIDP 8
| #define FLAC__CPU_X86_64 1
| #define FLAC__HAS_X86INTRIN 1
| #define FLAC__SYS_DARWIN 1
| #define FLAC__ALIGN_MALLOC_DATA 1
| #define FLAC__USE_ALTIVEC 1
| #define FLAC__USE_VSX 1
| #define FLAC__USE_AVX 1
| #define ENABLE_64_BIT_WORDS 0
| /* end confdefs.h.  */
| 
| #include <stdio.h>
| #include <stdlib.h>
| #include <string.h>
| #include <ogg/ogg.h>
| 
| int main ()
| {
|   system("touch conf.oggtest");
|   return 0;
| }
| 
| 
configure:19486: result: no
configure:19508: gcc -o conftest     conftest.c   -logg >&5
conftest.c:62:10: fatal error: 'ogg/ogg.h' file not found
#include <ogg/ogg.h>
         ^~~~~~~~~~~
1 error generated.
configure:19508: $? = 1
configure: failed program was:
| /* confdefs.h */
| #define PACKAGE_NAME "flac"
| #define PACKAGE_TARNAME "flac"
| #define PACKAGE_VERSION "1.3.3"
| #define PACKAGE_STRING "flac 1.3.3"
| #define PACKAGE_BUGREPORT "flac-dev@xiph.org"
| #define PACKAGE_URL "https://www.xiph.org/flac/"
| #define PACKAGE "flac"
| #define VERSION "1.3.3"
| #define NDEBUG /**/
| #define STDC_HEADERS 1
| #define HAVE_SYS_TYPES_H 1
| #define HAVE_SYS_STAT_H 1
| #define HAVE_STDLIB_H 1
| #define HAVE_STRING_H 1
| #define HAVE_MEMORY_H 1
| #define HAVE_STRINGS_H 1
| #define HAVE_INTTYPES_H 1
| #define HAVE_STDINT_H 1
| #define HAVE_UNISTD_H 1
| #define __EXTENSIONS__ 1
| #define _ALL_SOURCE 1
| #define _GNU_SOURCE 1
| #define _POSIX_PTHREAD_SEMANTICS 1
| #define _TANDEM_SOURCE 1
| #define HAVE_DLFCN_H 1
| #define LT_OBJDIR ".libs/"
| #define HAVE_FSEEKO 1
| #define SIZEOF_OFF_T 8
| #define SIZEOF_VOIDP 8
| #define HAVE_LROUND 1
| #define HAVE_C_VARARRAYS 1
| #define HAVE_CXX_VARARRAYS 1
| #define STDC_HEADERS 1
| #define HAVE_C_VARARRAYS 1
| #define HAVE_TYPEOF 1
| #define HAVE_STDINT_H 1
| #define HAVE_INTTYPES_H 1
| #define HAVE_SYS_PARAM_H 1
| #define HAVE_SYS_IOCTL_H 1
| #define HAVE_TERMIOS_H 1
| #define HAVE_X86INTRIN_H 1
| #define HAVE_CPUID_H 1
| #define HAVE_BSWAP32 1
| #define HAVE_BSWAP16 1
| #define CPU_IS_BIG_ENDIAN 0
| #define CPU_IS_LITTLE_ENDIAN 1
| #define WORDS_BIGENDIAN 0
| #define HAVE_GETOPT_LONG 1
| #define SIZEOF_VOIDP 8
| #define FLAC__CPU_X86_64 1
| #define FLAC__HAS_X86INTRIN 1
| #define FLAC__SYS_DARWIN 1
| #define FLAC__ALIGN_MALLOC_DATA 1
| #define FLAC__USE_ALTIVEC 1
| #define FLAC__USE_VSX 1
| #define FLAC__USE_AVX 1
| #define ENABLE_64_BIT_WORDS 0
| /* end confdefs.h.  */
| 
| #include <stdio.h>
| #include <ogg/ogg.h>
| 
| int
| main ()
| {
|  return 0;
|   ;
|   return 0;
| }
configure:19530: WARNING: *** Ogg development environment not installed - Ogg support will not be built
configure:19617: checking for ld used by gcc
configure:19684: result: /Applications/Xcode.app/Contents/Developer/Toolchains/XcodeDefault.xctoolchain/usr/bin/ld
configure:19691: checking if the linker (/Applications/Xcode.app/Contents/Developer/Toolchains/XcodeDefault.xctoolchain/usr/bin/ld) is GNU ld
configure:19706: result: no
configure:19713: checking for shared library run path origin
configure:19726: result: done
configure:20304: checking for iconv
configure:20328: gcc -o conftest    conftest.c  >&5
Undefined symbols for architecture x86_64:
  "_iconv", referenced from:
      _main in conftest-87b028.o
  "_iconv_close", referenced from:
      _main in conftest-87b028.o
  "_iconv_open", referenced from:
      _main in conftest-87b028.o
ld: symbol(s) not found for architecture x86_64
clang: error: linker command failed with exit code 1 (use -v to see invocation)
configure:20328: $? = 1
configure: failed program was:
| /* confdefs.h */
| #define PACKAGE_NAME "flac"
| #define PACKAGE_TARNAME "flac"
| #define PACKAGE_VERSION "1.3.3"
| #define PACKAGE_STRING "flac 1.3.3"
| #define PACKAGE_BUGREPORT "flac-dev@xiph.org"
| #define PACKAGE_URL "https://www.xiph.org/flac/"
| #define PACKAGE "flac"
| #define VERSION "1.3.3"
| #define NDEBUG /**/
| #define STDC_HEADERS 1
| #define HAVE_SYS_TYPES_H 1
| #define HAVE_SYS_STAT_H 1
| #define HAVE_STDLIB_H 1
| #define HAVE_STRING_H 1
| #define HAVE_MEMORY_H 1
| #define HAVE_STRINGS_H 1
| #define HAVE_INTTYPES_H 1
| #define HAVE_STDINT_H 1
| #define HAVE_UNISTD_H 1
| #define __EXTENSIONS__ 1
| #define _ALL_SOURCE 1
| #define _GNU_SOURCE 1
| #define _POSIX_PTHREAD_SEMANTICS 1
| #define _TANDEM_SOURCE 1
| #define HAVE_DLFCN_H 1
| #define LT_OBJDIR ".libs/"
| #define HAVE_FSEEKO 1
| #define SIZEOF_OFF_T 8
| #define SIZEOF_VOIDP 8
| #define HAVE_LROUND 1
| #define HAVE_C_VARARRAYS 1
| #define HAVE_CXX_VARARRAYS 1
| #define STDC_HEADERS 1
| #define HAVE_C_VARARRAYS 1
| #define HAVE_TYPEOF 1
| #define HAVE_STDINT_H 1
| #define HAVE_INTTYPES_H 1
| #define HAVE_SYS_PARAM_H 1
| #define HAVE_SYS_IOCTL_H 1
| #define HAVE_TERMIOS_H 1
| #define HAVE_X86INTRIN_H 1
| #define HAVE_CPUID_H 1
| #define HAVE_BSWAP32 1
| #define HAVE_BSWAP16 1
| #define CPU_IS_BIG_ENDIAN 0
| #define CPU_IS_LITTLE_ENDIAN 1
| #define WORDS_BIGENDIAN 0
| #define HAVE_GETOPT_LONG 1
| #define SIZEOF_VOIDP 8
| #define FLAC__CPU_X86_64 1
| #define FLAC__HAS_X86INTRIN 1
| #define FLAC__SYS_DARWIN 1
| #define FLAC__ALIGN_MALLOC_DATA 1
| #define FLAC__USE_ALTIVEC 1
| #define FLAC__USE_VSX 1
| #define FLAC__USE_AVX 1
| #define ENABLE_64_BIT_WORDS 0
| #define FLAC__HAS_OGG 0
| /* end confdefs.h.  */
| 
| #include <stdlib.h>
| #include <iconv.h>
| 
| int
| main ()
| {
| iconv_t cd = iconv_open("","");
|            iconv(cd,NULL,NULL,NULL,NULL);
|            iconv_close(cd);
|   ;
|   return 0;
| }
configure:20352: gcc -o conftest    conftest.c  -liconv >&5
configure:20352: $? = 0
configure:20362: result: yes
configure:20365: checking for working iconv
configure:20485: gcc -o conftest    conftest.c  -liconv >&5
configure:20485: $? = 0
configure:20485: ./conftest
configure:20485: $? = 0
configure:20497: result: yes
configure:20512: checking how to link with libiconv
configure:20514: result: -liconv
configure:20525: checking for iconv declaration
configure:20554: gcc -c   conftest.c >&5
configure:20554: $? = 0
configure:20565: result:
         extern size_t iconv (iconv_t cd, char * *inbuf, size_t *inbytesleft, char * *outbuf, size_t *outbytesleft);
configure:20577: checking for nl_langinfo and CODESET
configure:20593: gcc -o conftest    conftest.c  >&5
configure:20593: $? = 0
configure:20602: result: yes
configure:20615: checking for docbook-to-man
configure:20645: result: no
configure:20615: checking for docbook2man
configure:20645: result: no
configure:20667: checking for clock_gettime in -lrt
configure:20692: gcc -o conftest    conftest.c -lrt   >&5
ld: library not found for -lrt
clang: error: linker command failed with exit code 1 (use -v to see invocation)
configure:20692: $? = 1
configure: failed program was:
| /* confdefs.h */
| #define PACKAGE_NAME "flac"
| #define PACKAGE_TARNAME "flac"
| #define PACKAGE_VERSION "1.3.3"
| #define PACKAGE_STRING "flac 1.3.3"
| #define PACKAGE_BUGREPORT "flac-dev@xiph.org"
| #define PACKAGE_URL "https://www.xiph.org/flac/"
| #define PACKAGE "flac"
| #define VERSION "1.3.3"
| #define NDEBUG /**/
| #define STDC_HEADERS 1
| #define HAVE_SYS_TYPES_H 1
| #define HAVE_SYS_STAT_H 1
| #define HAVE_STDLIB_H 1
| #define HAVE_STRING_H 1
| #define HAVE_MEMORY_H 1
| #define HAVE_STRINGS_H 1
| #define HAVE_INTTYPES_H 1
| #define HAVE_STDINT_H 1
| #define HAVE_UNISTD_H 1
| #define __EXTENSIONS__ 1
| #define _ALL_SOURCE 1
| #define _GNU_SOURCE 1
| #define _POSIX_PTHREAD_SEMANTICS 1
| #define _TANDEM_SOURCE 1
| #define HAVE_DLFCN_H 1
| #define LT_OBJDIR ".libs/"
| #define HAVE_FSEEKO 1
| #define SIZEOF_OFF_T 8
| #define SIZEOF_VOIDP 8
| #define HAVE_LROUND 1
| #define HAVE_C_VARARRAYS 1
| #define HAVE_CXX_VARARRAYS 1
| #define STDC_HEADERS 1
| #define HAVE_C_VARARRAYS 1
| #define HAVE_TYPEOF 1
| #define HAVE_STDINT_H 1
| #define HAVE_INTTYPES_H 1
| #define HAVE_SYS_PARAM_H 1
| #define HAVE_SYS_IOCTL_H 1
| #define HAVE_TERMIOS_H 1
| #define HAVE_X86INTRIN_H 1
| #define HAVE_CPUID_H 1
| #define HAVE_BSWAP32 1
| #define HAVE_BSWAP16 1
| #define CPU_IS_BIG_ENDIAN 0
| #define CPU_IS_LITTLE_ENDIAN 1
| #define WORDS_BIGENDIAN 0
| #define HAVE_GETOPT_LONG 1
| #define SIZEOF_VOIDP 8
| #define FLAC__CPU_X86_64 1
| #define FLAC__HAS_X86INTRIN 1
| #define FLAC__SYS_DARWIN 1
| #define FLAC__ALIGN_MALLOC_DATA 1
| #define FLAC__USE_ALTIVEC 1
| #define FLAC__USE_VSX 1
| #define FLAC__USE_AVX 1
| #define ENABLE_64_BIT_WORDS 0
| #define FLAC__HAS_OGG 0
| #define HAVE_ICONV 1
| #define ICONV_CONST 
| #define HAVE_LANGINFO_CODESET 1
| /* end confdefs.h.  */
| 
| /* Override any GCC internal prototype to avoid an error.
|    Use char because int might match the return type of a GCC
|    builtin and then its argument prototype would still apply.  */
| #ifdef __cplusplus
| extern "C"
| #endif
| char clock_gettime ();
| int
| main ()
| {
| return clock_gettime ();
|   ;
|   return 0;
| }
configure:20701: result: no
configure:20717: checking for nasm
configure:20733: found /usr/bin/nasm
configure:20744: result: nasm
configure:21320: checking that generated files are newer than configure
configure:21326: result: done
configure:21442: creating ./config.status

## ---------------------- ##
## Running config.status. ##
## ---------------------- ##

This file was extended by flac config.status 1.3.3, which was
generated by GNU Autoconf 2.69.  Invocation command line was

  CONFIG_FILES    = 
  CONFIG_HEADERS  = 
  CONFIG_LINKS    = 
  CONFIG_COMMANDS = 
  $ ./config.status 

on blaines-imac.lan

config.status:1327: creating Makefile
config.status:1327: creating src/Makefile
config.status:1327: creating src/libFLAC/Makefile
config.status:1327: creating src/libFLAC/flac.pc
config.status:1327: creating src/libFLAC/ia32/Makefile
config.status:1327: creating src/libFLAC/include/Makefile
config.status:1327: creating src/libFLAC/include/private/Makefile
config.status:1327: creating src/libFLAC/include/protected/Makefile
config.status:1327: creating src/libFLAC++/Makefile
config.status:1327: creating src/libFLAC++/flac++.pc
config.status:1327: creating src/flac/Makefile
config.status:1327: creating src/metaflac/Makefile
config.status:1327: creating src/plugin_common/Makefile
config.status:1327: creating src/plugin_xmms/Makefile
config.status:1327: creating src/share/Makefile
config.status:1327: creating src/test_grabbag/Makefile
config.status:1327: creating src/test_grabbag/cuesheet/Makefile
config.status:1327: creating src/test_grabbag/picture/Makefile
config.status:1327: creating src/test_libs_common/Makefile
config.status:1327: creating src/test_libFLAC/Makefile
config.status:1327: creating src/test_libFLAC++/Makefile
config.status:1327: creating src/test_seeking/Makefile
config.status:1327: creating src/test_streams/Makefile
config.status:1327: creating src/utils/Makefile
config.status:1327: creating src/utils/flacdiff/Makefile
config.status:1327: creating src/utils/flactimer/Makefile
config.status:1327: creating examples/Makefile
config.status:1327: creating examples/c/Makefile
config.status:1327: creating examples/c/decode/Makefile
config.status:1327: creating examples/c/decode/file/Makefile
config.status:1327: creating examples/c/encode/Makefile
config.status:1327: creating examples/c/encode/file/Makefile
config.status:1327: creating examples/cpp/Makefile
config.status:1327: creating examples/cpp/decode/Makefile
config.status:1327: creating examples/cpp/decode/file/Makefile
config.status:1327: creating examples/cpp/encode/Makefile
config.status:1327: creating examples/cpp/encode/file/Makefile
config.status:1327: creating include/Makefile
config.status:1327: creating include/FLAC/Makefile
config.status:1327: creating include/FLAC++/Makefile
config.status:1327: creating include/share/Makefile
config.status:1327: creating include/share/grabbag/Makefile
config.status:1327: creating include/test_libs_common/Makefile
config.status:1327: creating doc/Doxyfile
config.status:1327: creating doc/Makefile
config.status:1327: creating doc/html/Makefile
config.status:1327: creating doc/html/images/Makefile
config.status:1327: creating m4/Makefile
config.status:1327: creating man/Makefile
config.status:1327: creating test/common.sh
config.status:1327: creating test/Makefile
config.status:1327: creating test/cuesheets/Makefile
config.status:1327: creating test/flac-to-flac-metadata-test-files/Makefile
config.status:1327: creating test/metaflac-test-files/Makefile
config.status:1327: creating test/pictures/Makefile
config.status:1327: creating build/Makefile
config.status:1327: creating objs/Makefile
config.status:1327: creating objs/debug/Makefile
config.status:1327: creating objs/debug/bin/Makefile
config.status:1327: creating objs/debug/lib/Makefile
config.status:1327: creating objs/release/Makefile
config.status:1327: creating objs/release/bin/Makefile
config.status:1327: creating objs/release/lib/Makefile
config.status:1327: creating microbench/Makefile
config.status:1327: creating config.h
config.status:1508: config.h is unchanged
config.status:1556: executing depfiles commands
config.status:1633: cd src/libFLAC       && sed -e '/# am--include-marker/d' Makefile         | make -f - am--depfiles
make: Nothing to be done for `am--depfiles'.
config.status:1638: $? = 0
config.status:1633: cd src/libFLAC++       && sed -e '/# am--include-marker/d' Makefile         | make -f - am--depfiles
make: Nothing to be done for `am--depfiles'.
config.status:1638: $? = 0
config.status:1633: cd src/flac       && sed -e '/# am--include-marker/d' Makefile         | make -f - am--depfiles
make: Nothing to be done for `am--depfiles'.
config.status:1638: $? = 0
config.status:1633: cd src/metaflac       && sed -e '/# am--include-marker/d' Makefile         | make -f - am--depfiles
make: Nothing to be done for `am--depfiles'.
config.status:1638: $? = 0
config.status:1633: cd src/plugin_common       && sed -e '/# am--include-marker/d' Makefile         | make -f - am--depfiles
make: Nothing to be done for `am--depfiles'.
config.status:1638: $? = 0
config.status:1633: cd src/plugin_xmms       && sed -e '/# am--include-marker/d' Makefile         | make -f - am--depfiles
make: Nothing to be done for `am--depfiles'.
config.status:1638: $? = 0
config.status:1633: cd src/share       && sed -e '/# am--include-marker/d' Makefile         | make -f - am--depfiles
make: Nothing to be done for `am--depfiles'.
config.status:1638: $? = 0
config.status:1633: cd src/test_grabbag/cuesheet       && sed -e '/# am--include-marker/d' Makefile         | make -f - am--depfiles
make: Nothing to be done for `am--depfiles'.
config.status:1638: $? = 0
config.status:1633: cd src/test_grabbag/picture       && sed -e '/# am--include-marker/d' Makefile         | make -f - am--depfiles
make: Nothing to be done for `am--depfiles'.
config.status:1638: $? = 0
config.status:1633: cd src/test_libs_common       && sed -e '/# am--include-marker/d' Makefile         | make -f - am--depfiles
make: Nothing to be done for `am--depfiles'.
config.status:1638: $? = 0
config.status:1633: cd src/test_libFLAC       && sed -e '/# am--include-marker/d' Makefile         | make -f - am--depfiles
make: Nothing to be done for `am--depfiles'.
config.status:1638: $? = 0
config.status:1633: cd src/test_libFLAC++       && sed -e '/# am--include-marker/d' Makefile         | make -f - am--depfiles
make: Nothing to be done for `am--depfiles'.
config.status:1638: $? = 0
config.status:1633: cd src/test_seeking       && sed -e '/# am--include-marker/d' Makefile         | make -f - am--depfiles
make: Nothing to be done for `am--depfiles'.
config.status:1638: $? = 0
config.status:1633: cd src/test_streams       && sed -e '/# am--include-marker/d' Makefile         | make -f - am--depfiles
make: Nothing to be done for `am--depfiles'.
config.status:1638: $? = 0
config.status:1633: cd examples/c/decode/file       && sed -e '/# am--include-marker/d' Makefile         | make -f - am--depfiles
make: Nothing to be done for `am--depfiles'.
config.status:1638: $? = 0
config.status:1633: cd examples/c/encode/file       && sed -e '/# am--include-marker/d' Makefile         | make -f - am--depfiles
make: Nothing to be done for `am--depfiles'.
config.status:1638: $? = 0
config.status:1633: cd examples/cpp/decode/file       && sed -e '/# am--include-marker/d' Makefile         | make -f - am--depfiles
make: Nothing to be done for `am--depfiles'.
config.status:1638: $? = 0
config.status:1633: cd examples/cpp/encode/file       && sed -e '/# am--include-marker/d' Makefile         | make -f - am--depfiles
make: Nothing to be done for `am--depfiles'.
config.status:1638: $? = 0
config.status:1633: cd microbench       && sed -e '/# am--include-marker/d' Makefile         | make -f - am--depfiles
make: Nothing to be done for `am--depfiles'.
config.status:1638: $? = 0
config.status:1556: executing libtool commands
configure:23930: result:
-=-=-=-=-=-=-=-=-=-= Configuration Complete =-=-=-=-=-=-=-=-=-=-

  Configuration summary :

    FLAC version : ........................ 1.3.3

    Host CPU : ............................ x86_64
    Host Vendor : ......................... apple
    Host OS : ............................. darwin18.7.0


## ---------------- ##
## Cache variables. ##
## ---------------- ##

ac_cv_build=x86_64-apple-darwin18.7.0
ac_cv_c_big_endian=0
ac_cv_c_bigendian=no
ac_cv_c_bswap16=yes
ac_cv_c_bswap32=yes
ac_cv_c_compiler_gnu=no
ac_cv_c_inline=inline
ac_cv_c_little_endian=1
ac_cv_c_typeof=typeof
ac_cv_c_vararrays=yes
ac_cv_cxx_compiler_gnu=yes
ac_cv_env_CCASFLAGS_set=
ac_cv_env_CCASFLAGS_value=
ac_cv_env_CCAS_set=
ac_cv_env_CCAS_value=
ac_cv_env_CCC_set=
ac_cv_env_CCC_value=
ac_cv_env_CC_set=
ac_cv_env_CC_value=
ac_cv_env_CFLAGS_set=
ac_cv_env_CFLAGS_value=
ac_cv_env_CPPFLAGS_set=
ac_cv_env_CPPFLAGS_value=
ac_cv_env_CPP_set=
ac_cv_env_CPP_value=
ac_cv_env_CXXCPP_set=
ac_cv_env_CXXCPP_value=
ac_cv_env_CXXFLAGS_set=
ac_cv_env_CXXFLAGS_value=
ac_cv_env_CXX_set=
ac_cv_env_CXX_value=
ac_cv_env_LDFLAGS_set=
ac_cv_env_LDFLAGS_value=
ac_cv_env_LIBS_set=
ac_cv_env_LIBS_value=
ac_cv_env_LT_SYS_LIBRARY_PATH_set=
ac_cv_env_LT_SYS_LIBRARY_PATH_value=
ac_cv_env_build_alias_set=
ac_cv_env_build_alias_value=
ac_cv_env_host_alias_set=
ac_cv_env_host_alias_value=
ac_cv_env_target_alias_set=
ac_cv_env_target_alias_value=
ac_cv_func_getopt_long=yes
ac_cv_header_byteswap_h=no
ac_cv_header_cpuid_h=yes
ac_cv_header_dlfcn_h=yes
ac_cv_header_inttypes_h=yes
ac_cv_header_memory_h=yes
ac_cv_header_minix_config_h=no
ac_cv_header_stdc=yes
ac_cv_header_stdint_h=yes
ac_cv_header_stdlib_h=yes
ac_cv_header_string_h=yes
ac_cv_header_strings_h=yes
ac_cv_header_sys_ioctl_h=yes
ac_cv_header_sys_param_h=yes
ac_cv_header_sys_stat_h=yes
ac_cv_header_sys_types_h=yes
ac_cv_header_termios_h=yes
ac_cv_header_unistd_h=yes
ac_cv_header_x86intrin_h=yes
ac_cv_host=x86_64-apple-darwin18.7.0
ac_cv_lib_rt_clock_gettime=no
ac_cv_objext=o
ac_cv_path_EGREP='/usr/bin/grep -E'
ac_cv_path_FGREP='/usr/bin/grep -F'
ac_cv_path_GREP=/usr/bin/grep
ac_cv_path_SED=/usr/local/bin/gsed
ac_cv_path_XMMS_CONFIG=no
ac_cv_path_install='/usr/local/bin/ginstall -c'
ac_cv_path_lt_DD=/bin/dd
ac_cv_path_mkdir=/usr/local/bin/gmkdir
ac_cv_prog_AWK=awk
ac_cv_prog_CPP='gcc -E'
ac_cv_prog_CXXCPP='g++ -E'
ac_cv_prog_NASM=nasm
ac_cv_prog_ac_ct_AR=ar
ac_cv_prog_ac_ct_CC=gcc
ac_cv_prog_ac_ct_CXX=g++
ac_cv_prog_ac_ct_DSYMUTIL=dsymutil
ac_cv_prog_ac_ct_LIPO=lipo
ac_cv_prog_ac_ct_NMEDIT=nmedit
ac_cv_prog_ac_ct_OBJDUMP=objdump
ac_cv_prog_ac_ct_OTOOL=otool
ac_cv_prog_ac_ct_RANLIB=ranlib
ac_cv_prog_ac_ct_STRIP=strip
ac_cv_prog_cc_c89=
ac_cv_prog_cc_c99=
ac_cv_prog_cc_g=yes
ac_cv_prog_cc_stdc=
ac_cv_prog_cxx_g=yes
ac_cv_prog_make_make_set=yes
ac_cv_safe_to_define___extensions__=yes
ac_cv_search_lround='none required'
ac_cv_sizeof_off_t=8
ac_cv_sizeof_voidp=8
ac_cv_sys_file_offset_bits=no
ac_cv_sys_largefile_CC=no
ac_cv_sys_largefile_source=no
ac_cv_type_socklen_t=no
acl_cv_path_LD=/Applications/Xcode.app/Contents/Developer/Toolchains/XcodeDefault.xctoolchain/usr/bin/ld
acl_cv_prog_gnu_ld=no
acl_cv_rpath=done
am_cv_CCAS_dependencies_compiler_type=gcc3
am_cv_CC_dependencies_compiler_type=gcc3
am_cv_CXX_dependencies_compiler_type=gcc3
am_cv_ar_interface=ar
am_cv_func_iconv=yes
am_cv_func_iconv_works=yes
am_cv_langinfo_codeset=yes
am_cv_lib_iconv=yes
am_cv_make_support_nested_variables=yes
am_cv_prog_cc_c_o=yes
am_cv_prog_tar_pax=gnutar
am_cv_proto_iconv='extern size_t iconv (iconv_t cd, char * *inbuf, size_t *inbytesleft, char * *outbuf, size_t *outbytesleft);'
am_cv_proto_iconv_arg1=
lt_cv_apple_cc_single_mod=yes
lt_cv_ar_at_file=no
lt_cv_deplibs_check_method=pass_all
lt_cv_file_magic_cmd='$MAGIC_CMD'
lt_cv_file_magic_test_file=
lt_cv_ld_exported_symbols_list=yes
lt_cv_ld_force_load=yes
lt_cv_ld_reload_flag=-r
lt_cv_nm_interface='BSD nm'
lt_cv_objdir=.libs
lt_cv_path_LD=/Applications/Xcode.app/Contents/Developer/Toolchains/XcodeDefault.xctoolchain/usr/bin/ld
lt_cv_path_LDCXX=/Applications/Xcode.app/Contents/Developer/Toolchains/XcodeDefault.xctoolchain/usr/bin/ld
lt_cv_path_NM='/usr/bin/nm -B'
lt_cv_path_mainfest_tool=no
lt_cv_prog_compiler_c_o=yes
lt_cv_prog_compiler_c_o_CXX=yes
lt_cv_prog_compiler_pic='-fno-common -DPIC'
lt_cv_prog_compiler_pic_CXX='-fno-common -DPIC'
lt_cv_prog_compiler_pic_works=yes
lt_cv_prog_compiler_pic_works_CXX=yes
lt_cv_prog_compiler_rtti_exceptions=yes
lt_cv_prog_compiler_static_works=no
lt_cv_prog_compiler_static_works_CXX=no
lt_cv_prog_gnu_ld=no
lt_cv_prog_gnu_ldcxx=no
lt_cv_sharedlib_from_linklib_cmd='printf %s\n'
lt_cv_sys_global_symbol_pipe='sed -n -e '\''s/^.*[	 ]\([BCDEGRST][BCDEGRST]*\)[	 ][	 ]*_\([_A-Za-z][_A-Za-z0-9]*\)$/\1 _\2 \2/p'\'' | sed '\''/ __gnu_lto/d'\'''
lt_cv_sys_global_symbol_to_c_name_address='sed -n -e '\''s/^: \(.*\) .*$/  {"\1", (void *) 0},/p'\'' -e '\''s/^[BCDEGRST][BCDEGRST]* .* \(.*\)$/  {"\1", (void *) \&\1},/p'\'''
lt_cv_sys_global_symbol_to_c_name_address_lib_prefix='sed -n -e '\''s/^: \(.*\) .*$/  {"\1", (void *) 0},/p'\'' -e '\''s/^[BCDEGRST][BCDEGRST]* .* \(lib.*\)$/  {"\1", (void *) \&\1},/p'\'' -e '\''s/^[BCDEGRST][BCDEGRST]* .* \(.*\)$/  {"lib\1", (void *) \&\1},/p'\'''
lt_cv_sys_global_symbol_to_cdecl='sed -n -e '\''s/^T .* \(.*\)$/extern int \1();/p'\'' -e '\''s/^[BCDEGRST][BCDEGRST]* .* \(.*\)$/extern char \1;/p'\'''
lt_cv_sys_global_symbol_to_import=
lt_cv_sys_max_cmd_len=196608
lt_cv_to_host_file_cmd=func_convert_file_noop
lt_cv_to_tool_file_cmd=func_convert_file_noop
lt_cv_truncate_bin='/bin/dd bs=4096 count=1'
xiph_cv_c_compiler_clang=yes

## ----------------- ##
## Output variables. ##
## ----------------- ##

ACLOCAL='${SHELL} /Users/blainekasten/delme/wav_to_flac/lib-flac/missing aclocal-1.16'
AMDEPBACKSLASH='\'
AMDEP_FALSE='#'
AMDEP_TRUE=''
AMTAR='$${TAR-tar}'
AM_BACKSLASH='\'
AM_DEFAULT_V='$(AM_DEFAULT_VERBOSITY)'
AM_DEFAULT_VERBOSITY='0'
AM_V='$(V)'
AR='ar'
AS='as'
AUTOCONF='${SHELL} /Users/blainekasten/delme/wav_to_flac/lib-flac/missing autoconf'
AUTOHEADER='${SHELL} /Users/blainekasten/delme/wav_to_flac/lib-flac/missing autoheader'
AUTOMAKE='${SHELL} /Users/blainekasten/delme/wav_to_flac/lib-flac/missing automake-1.16'
AWK='awk'
CC='gcc'
CCAS='gcc'
CCASDEPMODE='depmode=gcc3'
CCASFLAGS=''
CCDEPMODE='depmode=gcc3'
CFLAGS='-O3 -funroll-loops'
CPP='gcc -E'
CPPFLAGS=''
CXX='g++'
CXXCPP='g++ -E'
CXXDEPMODE='depmode=gcc3'
CXXFLAGS=''
CYGPATH_W='echo'
DEBUG_FALSE=''
DEBUG_TRUE='#'
DEFS='-DHAVE_CONFIG_H'
DEPDIR='.deps'
DLLTOOL='false'
DOCBOOK_TO_MAN=''
DOXYGEN=''
DSYMUTIL='dsymutil'
DUMPBIN=''
ECHO_C='\c'
ECHO_N=''
ECHO_T=''
EGREP='/usr/bin/grep -E'
ENABLE_64_BIT_WORDS=''
EXAMPLES_FALSE='#'
EXAMPLES_TRUE=''
EXEEXT=''
FGREP='/usr/bin/grep -F'
FLAC__CPU_X86_64_FALSE='#'
FLAC__CPU_X86_64_TRUE=''
FLAC__HAS_OGG='0'
FLAC__TEST_LEVEL='1'
FLAC__TEST_WITH_VALGRIND='no'
FLaC__CPU_IA32_FALSE=''
FLaC__CPU_IA32_TRUE='#'
FLaC__CPU_PPC64_FALSE=''
FLaC__CPU_PPC64_TRUE='#'
FLaC__CPU_PPC_FALSE=''
FLaC__CPU_PPC_TRUE='#'
FLaC__CPU_SPARC_FALSE=''
FLaC__CPU_SPARC_TRUE='#'
FLaC__HAS_DOCBOOK_TO_MAN_FALSE=''
FLaC__HAS_DOCBOOK_TO_MAN_TRUE='#'
FLaC__HAS_DOXYGEN_FALSE=''
FLaC__HAS_DOXYGEN_TRUE='#'
FLaC__HAS_NASM_FALSE='#'
FLaC__HAS_NASM_TRUE=''
FLaC__HAS_OGG_FALSE=''
FLaC__HAS_OGG_TRUE='#'
FLaC__HAS_XMMS_FALSE=''
FLaC__HAS_XMMS_TRUE='#'
FLaC__INSTALL_XMMS_PLUGIN_LOCALLY_FALSE=''
FLaC__INSTALL_XMMS_PLUGIN_LOCALLY_TRUE='#'
FLaC__NO_ASM_FALSE=''
FLaC__NO_ASM_TRUE='#'
FLaC__SYS_DARWIN_FALSE='#'
FLaC__SYS_DARWIN_TRUE=''
FLaC__SYS_LINUX_FALSE=''
FLaC__SYS_LINUX_TRUE='#'
FLaC__USE_ALTIVEC_FALSE='#'
FLaC__USE_ALTIVEC_TRUE=''
FLaC__USE_AVX_FALSE='#'
FLaC__USE_AVX_TRUE=''
FLaC__USE_VSX_FALSE='#'
FLaC__USE_VSX_TRUE=''
FLaC__WITH_CPPLIBS_FALSE='#'
FLaC__WITH_CPPLIBS_TRUE=''
GCC_MAJOR_VERSION=''
GCC_MINOR_VERSION=''
GCC_VERSION=''
GREP='/usr/bin/grep'
INSTALL_DATA='${INSTALL} -m 644'
INSTALL_PROGRAM='${INSTALL}'
INSTALL_SCRIPT='${INSTALL}'
INSTALL_STRIP_PROGRAM='$(install_sh) -c -s'
LD='/Applications/Xcode.app/Contents/Developer/Toolchains/XcodeDefault.xctoolchain/usr/bin/ld'
LDFLAGS=''
LIBICONV='-liconv'
LIBOBJS=''
LIBS=''
LIBTOOL='$(SHELL) $(top_builddir)/libtool'
LIB_CLOCK_GETTIME=''
LIPO='lipo'
LN_S='ln -s'
LTLIBICONV='-liconv'
LTLIBOBJS=''
LT_SYS_LIBRARY_PATH=''
MAKEINFO='${SHELL} /Users/blainekasten/delme/wav_to_flac/lib-flac/missing makeinfo'
MANIFEST_TOOL=':'
MKDIR_P='/usr/local/bin/gmkdir -p'
NASM='nasm'
NM='/usr/bin/nm -B'
NMEDIT='nmedit'
OBJDUMP='objdump'
OBJEXT='o'
OBJ_FORMAT='macho'
OGG_CFLAGS=''
OGG_LIBS=''
OGG_PACKAGE=''
OS_IS_WINDOWS_FALSE=''
OS_IS_WINDOWS_TRUE='#'
OTOOL64=':'
OTOOL='otool'
PACKAGE='flac'
PACKAGE_BUGREPORT='flac-dev@xiph.org'
PACKAGE_NAME='flac'
PACKAGE_STRING='flac 1.3.3'
PACKAGE_TARNAME='flac'
PACKAGE_URL='https://www.xiph.org/flac/'
PACKAGE_VERSION='1.3.3'
PATH_SEPARATOR=':'
RANLIB='ranlib'
SED='/usr/local/bin/gsed'
SET_MAKE=''
SHELL='/bin/sh'
STRIP='strip'
VERSION='1.3.3'
XMMS_CFLAGS=''
XMMS_CONFIG='no'
XMMS_DATA_DIR=''
XMMS_EFFECT_PLUGIN_DIR=''
XMMS_GENERAL_PLUGIN_DIR=''
XMMS_INPUT_PLUGIN_DIR=''
XMMS_LIBS=''
XMMS_OUTPUT_PLUGIN_DIR=''
XMMS_PLUGIN_DIR=''
XMMS_VERSION=''
XMMS_VISUALIZATION_PLUGIN_DIR=''
ac_ct_AR='ar'
ac_ct_CC='gcc'
ac_ct_CXX='g++'
ac_ct_DUMPBIN=''
am__EXEEXT_FALSE=''
am__EXEEXT_TRUE='#'
am__fastdepCCAS_FALSE='#'
am__fastdepCCAS_TRUE=''
am__fastdepCC_FALSE='#'
am__fastdepCC_TRUE=''
am__fastdepCXX_FALSE='#'
am__fastdepCXX_TRUE=''
am__include='include'
am__isrc=''
am__leading_dot='.'
am__nodep='_no'
am__quote=''
am__tar='tar --format=posix -chf - "$$tardir"'
am__untar='tar -xf -'
bindir='${exec_prefix}/bin'
build='x86_64-apple-darwin18.7.0'
build_alias=''
build_cpu='x86_64'
build_os='darwin18.7.0'
build_vendor='apple'
datadir='${datarootdir}'
datarootdir='${prefix}/share'
docdir='${datarootdir}/doc/${PACKAGE_TARNAME}'
dvidir='${docdir}'
exec_prefix='${prefix}'
host='x86_64-apple-darwin18.7.0'
host_alias=''
host_cpu='x86_64'
host_os='darwin18.7.0'
host_vendor='apple'
htmldir='${docdir}'
includedir='${prefix}/include'
infodir='${datarootdir}/info'
install_sh='${SHELL} /Users/blainekasten/delme/wav_to_flac/lib-flac/install-sh'
libdir='${exec_prefix}/lib'
libexecdir='${exec_prefix}/libexec'
localedir='${datarootdir}/locale'
localstatedir='${prefix}/var'
mandir='${datarootdir}/man'
mkdir_p='$(MKDIR_P)'
oldincludedir='/usr/include'
pdfdir='${docdir}'
prefix='/usr/local'
program_transform_name='s,x,x,'
psdir='${docdir}'
runstatedir='${localstatedir}/run'
sbindir='${exec_prefix}/sbin'
sharedstatedir='${prefix}/com'
sysconfdir='${prefix}/etc'
target_alias=''

## ----------- ##
## confdefs.h. ##
## ----------- ##

/* confdefs.h */
#define PACKAGE_NAME "flac"
#define PACKAGE_TARNAME "flac"
#define PACKAGE_VERSION "1.3.3"
#define PACKAGE_STRING "flac 1.3.3"
#define PACKAGE_BUGREPORT "flac-dev@xiph.org"
#define PACKAGE_URL "https://www.xiph.org/flac/"
#define PACKAGE "flac"
#define VERSION "1.3.3"
#define NDEBUG /**/
#define STDC_HEADERS 1
#define HAVE_SYS_TYPES_H 1
#define HAVE_SYS_STAT_H 1
#define HAVE_STDLIB_H 1
#define HAVE_STRING_H 1
#define HAVE_MEMORY_H 1
#define HAVE_STRINGS_H 1
#define HAVE_INTTYPES_H 1
#define HAVE_STDINT_H 1
#define HAVE_UNISTD_H 1
#define __EXTENSIONS__ 1
#define _ALL_SOURCE 1
#define _GNU_SOURCE 1
#define _POSIX_PTHREAD_SEMANTICS 1
#define _TANDEM_SOURCE 1
#define HAVE_DLFCN_H 1
#define LT_OBJDIR ".libs/"
#define HAVE_FSEEKO 1
#define SIZEOF_OFF_T 8
#define SIZEOF_VOIDP 8
#define HAVE_LROUND 1
#define HAVE_C_VARARRAYS 1
#define HAVE_CXX_VARARRAYS 1
#define STDC_HEADERS 1
#define HAVE_C_VARARRAYS 1
#define HAVE_TYPEOF 1
#define HAVE_STDINT_H 1
#define HAVE_INTTYPES_H 1
#define HAVE_SYS_PARAM_H 1
#define HAVE_SYS_IOCTL_H 1
#define HAVE_TERMIOS_H 1
#define HAVE_X86INTRIN_H 1
#define HAVE_CPUID_H 1
#define HAVE_BSWAP32 1
#define HAVE_BSWAP16 1
#define CPU_IS_BIG_ENDIAN 0
#define CPU_IS_LITTLE_ENDIAN 1
#define WORDS_BIGENDIAN 0
#define HAVE_GETOPT_LONG 1
#define SIZEOF_VOIDP 8
#define FLAC__CPU_X86_64 1
#define FLAC__HAS_X86INTRIN 1
#define FLAC__SYS_DARWIN 1
#define FLAC__ALIGN_MALLOC_DATA 1
#define FLAC__USE_ALTIVEC 1
#define FLAC__USE_VSX 1
#define FLAC__USE_AVX 1
#define ENABLE_64_BIT_WORDS 0
#define FLAC__HAS_OGG 0
#define HAVE_ICONV 1
#define ICONV_CONST 
#define HAVE_LANGINFO_CODESET 1
#define FLAC__HAS_NASM 1

configure: exit 0
